[GIN-debug] POST   /cat/                     --> rest-template/controller.CreateCat (5 handlers)
[GIN-debug] GET    /cat/:id                  --> rest-template/controller.GetCatByID (4 handlers)
[GIN-debug] GET    /cat/                     --> rest-template/controller.GetAllCats (4 handlers)
[GIN-debug] PUT    /cat/:id                  --> rest-template/controller.UpdateCat (6 handlers)
[GIN-debug] DELETE /cat/:id                  --> rest-template/controller.DeleteCat (6 handlers)
[GIN-debug] POST   /auth/login               --> github.com/appleboy/gin-jwt/v2.(*GinJWTMiddleware).LoginHandler-fm (4 handlers)
[GIN-debug] POST   /auth/refresh_token       --> github.com/appleboy/gin-jwt/v2.(*GinJWTMiddleware).RefreshHandler-fm (4 handlers)
[GIN-debug] POST   /auth/logout              --> github.com/appleboy/gin-jwt/v2.(*GinJWTMiddleware).LogoutHandler-fm (4 handlers)
[GIN-debug] POST   /user/                    --> rest-template/controller.CreateUser (4 handlers)
[GIN-debug] GET    /user/:id                 --> rest-template/controller.GetUserByID (4 handlers)
[GIN-debug] GET    /user/email/:email        --> rest-template/controller.GetUserByEmail (4 handlers)
[GIN-debug] GET    /user/                    --> rest-template/controller.GetAllUsers (4 handlers)
[GIN-debug] PUT    /user/:id                 --> rest-template/controller.UpdateUser (6 handlers)
[GIN-debug] DELETE /user/:id                 --> rest-template/controller.DeleteUser (6 handlers)
2023/08/17 02:25:37.206646 logger.go:26: Service: GetAllUserService
[GIN-debug] POST   /cat/                     --> rest-template/controller.CreateCat (5 handlers)
[GIN-debug] GET    /cat/:id                  --> rest-template/controller.GetCatByID (4 handlers)
[GIN-debug] GET    /cat/                     --> rest-template/controller.GetAllCats (4 handlers)
[GIN-debug] PUT    /cat/:id                  --> rest-template/controller.UpdateCat (6 handlers)
[GIN-debug] DELETE /cat/:id                  --> rest-template/controller.DeleteCat (6 handlers)
[GIN-debug] POST   /auth/login               --> github.com/appleboy/gin-jwt/v2.(*GinJWTMiddleware).LoginHandler-fm (4 handlers)
[GIN-debug] POST   /auth/refresh_token       --> github.com/appleboy/gin-jwt/v2.(*GinJWTMiddleware).RefreshHandler-fm (4 handlers)
[GIN-debug] POST   /auth/logout              --> github.com/appleboy/gin-jwt/v2.(*GinJWTMiddleware).LogoutHandler-fm (4 handlers)
[GIN-debug] POST   /user/                    --> rest-template/controller.CreateUser (4 handlers)
[GIN-debug] GET    /user/:id                 --> rest-template/controller.GetUserByID (4 handlers)
[GIN-debug] GET    /user/email/:email        --> rest-template/controller.GetUserByEmail (4 handlers)
[GIN-debug] GET    /user/                    --> rest-template/controller.GetAllUsers (4 handlers)
[GIN-debug] PUT    /user/:id                 --> rest-template/controller.UpdateUser (6 handlers)
[GIN-debug] DELETE /user/:id                 --> rest-template/controller.DeleteUser (6 handlers)
2023/08/17 23:47:07.601469 logger.go:26: Service: GetAllUserService
2023/08/17 23:49:18.528208 catService.go:75: Se encontró el gato
2023/08/17 23:49:49.961317 logger.go:26: Service: GetUserByEmail
2023/08/17 23:49:49.988182 logger.go:26: Se encontró el usuario
2023/08/17 23:51:23.974321 catController.go:28: Gato creado en la base de datos
2023/08/18 00:04:45.169533 catService.go:131: Gato actualizado
2023/08/18 00:07:16.123130 logger.go:26: Service: CreateUser
2023/08/18 00:07:16.123130 logger.go:26: Esto llego del usuario:{ObjectID("000000000000000000000000") usuario@usach.com Usuario prueba Admin  clave1234 0001-01-01 00:00:00 +0000 UTC 0001-01-01 00:00:00 +0000 UTC}
2023/08/18 00:07:16.123684 logger.go:26: Name invalido
2023/08/18 00:07:16.123684 logger.go:26: Valor de ok:false
2023/08/18 00:07:16.123684 logger.go:26: Estructura invalida
2023/08/18 00:07:36.238531 logger.go:26: Service: CreateUser
2023/08/18 00:07:36.238531 logger.go:26: Esto llego del usuario:{ObjectID("000000000000000000000000") usuario2@usach.com Usuario prueba Admin  clave1234 0001-01-01 00:00:00 +0000 UTC 0001-01-01 00:00:00 +0000 UTC}
2023/08/18 00:07:36.239091 logger.go:26: Name invalido
2023/08/18 00:07:36.239091 logger.go:26: Valor de ok:false
2023/08/18 00:07:36.239091 logger.go:26: Estructura invalida
2023/08/18 00:08:49.733152 logger.go:26: Service: GetUserByEmail
2023/08/18 00:08:49.755902 logger.go:26: Se encontró el usuario
[GIN-debug] POST   /cat/                     --> rest-template/controller.CreateCat (5 handlers)
[GIN-debug] GET    /cat/:id                  --> rest-template/controller.GetCatByID (4 handlers)
[GIN-debug] GET    /cat/                     --> rest-template/controller.GetAllCats (4 handlers)
[GIN-debug] PUT    /cat/:id                  --> rest-template/controller.UpdateCat (6 handlers)
[GIN-debug] DELETE /cat/:id                  --> rest-template/controller.DeleteCat (6 handlers)
[GIN-debug] POST   /auth/login               --> github.com/appleboy/gin-jwt/v2.(*GinJWTMiddleware).LoginHandler-fm (4 handlers)
[GIN-debug] POST   /auth/refresh_token       --> github.com/appleboy/gin-jwt/v2.(*GinJWTMiddleware).RefreshHandler-fm (4 handlers)
[GIN-debug] POST   /auth/logout              --> github.com/appleboy/gin-jwt/v2.(*GinJWTMiddleware).LogoutHandler-fm (4 handlers)
[GIN-debug] POST   /auth/login               --> github.com/appleboy/gin-jwt/v2.(*GinJWTMiddleware).LoginHandler-fm (4 handlers)
[GIN-debug] POST   /cat/                     --> rest-template/controller.CreateCat (5 handlers)
[GIN-debug] GET    /cat/:id                  --> rest-template/controller.GetCatByID (4 handlers)
[GIN-debug] GET    /cat/                     --> rest-template/controller.GetAllCats (4 handlers)
[GIN-debug] PUT    /cat/:id                  --> rest-template/controller.UpdateCat (6 handlers)
[GIN-debug] DELETE /cat/:id                  --> rest-template/controller.DeleteCat (6 handlers)
[GIN-debug] POST   /auth/login               --> github.com/appleboy/gin-jwt/v2.(*GinJWTMiddleware).LoginHandler-fm (4 handlers)
[GIN-debug] POST   /auth/refresh_token       --> github.com/appleboy/gin-jwt/v2.(*GinJWTMiddleware).RefreshHandler-fm (4 handlers)
[GIN-debug] POST   /auth/logout              --> github.com/appleboy/gin-jwt/v2.(*GinJWTMiddleware).LogoutHandler-fm (4 handlers)
[GIN-debug] POST   /user/                    --> rest-template/controller.CreateUser (4 handlers)
[GIN-debug] GET    /user/:id                 --> rest-template/controller.GetUserByID (4 handlers)
[GIN-debug] GET    /user/email/:email        --> rest-template/controller.GetUserByEmail (4 handlers)
[GIN-debug] GET    /user/                    --> rest-template/controller.GetAllUsers (4 handlers)
[GIN-debug] PUT    /user/:id                 --> rest-template/controller.UpdateUser (6 handlers)
[GIN-debug] DELETE /user/:id                 --> rest-template/controller.DeleteUser (6 handlers)
[GIN-debug] POST   /cat/                     --> rest-template/controller.CreateCat (5 handlers)
[GIN-debug] GET    /cat/:id                  --> rest-template/controller.GetCatByID (4 handlers)
[GIN-debug] GET    /cat/                     --> rest-template/controller.GetAllCats (4 handlers)
[GIN-debug] PUT    /cat/:id                  --> rest-template/controller.UpdateCat (6 handlers)
[GIN-debug] DELETE /cat/:id                  --> rest-template/controller.DeleteCat (6 handlers)
[GIN-debug] POST   /auth/login               --> github.com/appleboy/gin-jwt/v2.(*GinJWTMiddleware).LoginHandler-fm (4 handlers)
[GIN-debug] POST   /auth/refresh_token       --> github.com/appleboy/gin-jwt/v2.(*GinJWTMiddleware).RefreshHandler-fm (4 handlers)
[GIN-debug] POST   /auth/logout              --> github.com/appleboy/gin-jwt/v2.(*GinJWTMiddleware).LogoutHandler-fm (4 handlers)
[GIN-debug] POST   /dueno/                   --> rest-template/controller.CreateDueno (5 handlers)
[GIN-debug] GET    /dueno/:id                --> rest-template/controller.GetDuenoByID (4 handlers)
[GIN-debug] GET    /dueno/                   --> rest-template/controller.GetAllDuenos (4 handlers)
[GIN-debug] PUT    /dueno/:id                --> rest-template/controller.UpdateDueno (6 handlers)
[GIN-debug] DELETE /dueno/:id                --> rest-template/controller.DeleteDueno (6 handlers)
[GIN-debug] POST   /user/                    --> rest-template/controller.CreateUser (4 handlers)
[GIN-debug] GET    /user/:id                 --> rest-template/controller.GetUserByID (4 handlers)
[GIN-debug] GET    /user/email/:email        --> rest-template/controller.GetUserByEmail (4 handlers)
[GIN-debug] GET    /user/                    --> rest-template/controller.GetAllUsers (4 handlers)
[GIN-debug] PUT    /user/:id                 --> rest-template/controller.UpdateUser (6 handlers)
[GIN-debug] DELETE /user/:id                 --> rest-template/controller.DeleteUser (6 handlers)
[GIN-debug] POST   /cat/                     --> rest-template/controller.CreateCat (5 handlers)
[GIN-debug] GET    /cat/:id                  --> rest-template/controller.GetCatByID (4 handlers)
[GIN-debug] GET    /cat/                     --> rest-template/controller.GetAllCats (4 handlers)
[GIN-debug] PUT    /cat/:id                  --> rest-template/controller.UpdateCat (6 handlers)
[GIN-debug] DELETE /cat/:id                  --> rest-template/controller.DeleteCat (6 handlers)
[GIN-debug] POST   /auth/login               --> github.com/appleboy/gin-jwt/v2.(*GinJWTMiddleware).LoginHandler-fm (4 handlers)
[GIN-debug] POST   /auth/refresh_token       --> github.com/appleboy/gin-jwt/v2.(*GinJWTMiddleware).RefreshHandler-fm (4 handlers)
[GIN-debug] POST   /auth/logout              --> github.com/appleboy/gin-jwt/v2.(*GinJWTMiddleware).LogoutHandler-fm (4 handlers)
[GIN-debug] GET    /dueno/:id                --> rest-template/controller.GetDuenoByID (4 handlers)
[GIN-debug] GET    /dueno/                   --> rest-template/controller.GetAllDuenos (4 handlers)
[GIN-debug] POST   /dueno/                   --> rest-template/controller.CreateDueno (5 handlers)
[GIN-debug] PUT    /dueno/:id                --> rest-template/controller.UpdateDueno (6 handlers)
[GIN-debug] DELETE /dueno/:id                --> rest-template/controller.DeleteDueno (6 handlers)
[GIN-debug] POST   /user/                    --> rest-template/controller.CreateUser (4 handlers)
[GIN-debug] GET    /user/:id                 --> rest-template/controller.GetUserByID (4 handlers)
[GIN-debug] GET    /user/email/:email        --> rest-template/controller.GetUserByEmail (4 handlers)
[GIN-debug] GET    /user/                    --> rest-template/controller.GetAllUsers (4 handlers)
[GIN-debug] PUT    /user/:id                 --> rest-template/controller.UpdateUser (6 handlers)
[GIN-debug] DELETE /user/:id                 --> rest-template/controller.DeleteUser (6 handlers)
[GIN-debug] POST   /cat/                     --> rest-template/controller.CreateCat (5 handlers)
[GIN-debug] GET    /cat/:id                  --> rest-template/controller.GetCatByID (4 handlers)
[GIN-debug] GET    /cat/                     --> rest-template/controller.GetAllCats (4 handlers)
[GIN-debug] PUT    /cat/:id                  --> rest-template/controller.UpdateCat (6 handlers)
[GIN-debug] DELETE /cat/:id                  --> rest-template/controller.DeleteCat (6 handlers)
[GIN-debug] POST   /auth/login               --> github.com/appleboy/gin-jwt/v2.(*GinJWTMiddleware).LoginHandler-fm (4 handlers)
[GIN-debug] POST   /auth/refresh_token       --> github.com/appleboy/gin-jwt/v2.(*GinJWTMiddleware).RefreshHandler-fm (4 handlers)
[GIN-debug] POST   /auth/logout              --> github.com/appleboy/gin-jwt/v2.(*GinJWTMiddleware).LogoutHandler-fm (4 handlers)
[GIN-debug] GET    /dueno/:id                --> rest-template/controller.GetDuenoByID (4 handlers)
[GIN-debug] GET    /dueno/                   --> rest-template/controller.GetAllDuenos (4 handlers)
[GIN-debug] POST   /dueno/                   --> rest-template/controller.CreateDueno (5 handlers)
[GIN-debug] PUT    /dueno/:id                --> rest-template/controller.UpdateDueno (6 handlers)
[GIN-debug] DELETE /dueno/:id                --> rest-template/controller.DeleteDueno (6 handlers)
[GIN-debug] GET    /perro/:id                --> rest-template/controller.GetPerroByID (4 handlers)
[GIN-debug] GET    /perro/                   --> rest-template/controller.GetAllPerros (4 handlers)
[GIN-debug] POST   /perro/                   --> rest-template/controller.CreatePerro (5 handlers)
[GIN-debug] PUT    /perro/:id                --> rest-template/controller.UpdatePerro (6 handlers)
[GIN-debug] DELETE /perro/:id                --> rest-template/controller.DeletePerro (6 handlers)
[GIN-debug] POST   /user/                    --> rest-template/controller.CreateUser (4 handlers)
[GIN-debug] GET    /user/:id                 --> rest-template/controller.GetUserByID (4 handlers)
[GIN-debug] GET    /user/email/:email        --> rest-template/controller.GetUserByEmail (4 handlers)
[GIN-debug] GET    /user/                    --> rest-template/controller.GetAllUsers (4 handlers)
[GIN-debug] PUT    /user/:id                 --> rest-template/controller.UpdateUser (6 handlers)
[GIN-debug] DELETE /user/:id                 --> rest-template/controller.DeleteUser (6 handlers)
2023/08/18 18:03:32.855870 perroService.go:143: Perro no se pudo añadir
2023/08/18 18:03:32.855870 perroService.go:143: Perro no se pudo añadir
2023/08/18 18:03:32.855870 perroService.go:143: Perro no se pudo añadir
2023/08/18 18:03:32.855870 perroService.go:143: Perro no se pudo añadir
2023/08/18 18:03:32.855870 perroService.go:143: Perro no se pudo añadir
2023/08/18 18:03:41.910195 perroService.go:143: Perro no se pudo añadir
2023/08/18 18:03:41.910195 perroService.go:143: Perro no se pudo añadir
2023/08/18 18:03:41.910195 perroService.go:143: Perro no se pudo añadir
2023/08/18 18:03:41.910195 perroService.go:143: Perro no se pudo añadir
2023/08/18 18:03:41.910195 perroService.go:143: Perro no se pudo añadir
2023/08/18 18:03:55.918763 perroService.go:143: Perro no se pudo añadir
2023/08/18 18:03:55.918763 perroService.go:143: Perro no se pudo añadir
2023/08/18 18:03:55.918763 perroService.go:143: Perro no se pudo añadir
2023/08/18 18:03:55.918763 perroService.go:143: Perro no se pudo añadir
2023/08/18 18:03:55.918763 perroService.go:143: Perro no se pudo añadir
2023/08/18 18:05:50.354180 perroService.go:143: Perro no se pudo añadir
2023/08/18 18:05:50.354237 perroService.go:143: Perro no se pudo añadir
2023/08/18 18:05:50.354237 perroService.go:143: Perro no se pudo añadir
2023/08/18 18:05:50.354237 perroService.go:143: Perro no se pudo añadir
2023/08/18 18:05:50.354237 perroService.go:143: Perro no se pudo añadir
2023/08/18 18:05:50.354237 perroService.go:143: Perro no se pudo añadir
2023/08/18 18:07:47.783537 perroService.go:143: Perro no se pudo añadir
2023/08/18 18:07:47.783537 perroService.go:143: Perro no se pudo añadir
2023/08/18 18:07:47.783537 perroService.go:143: Perro no se pudo añadir
2023/08/18 18:07:47.783537 perroService.go:143: Perro no se pudo añadir
2023/08/18 18:07:47.783537 perroService.go:143: Perro no se pudo añadir
2023/08/18 18:07:47.783537 perroService.go:143: Perro no se pudo añadir
2023/08/18 18:08:46.677584 perroService.go:143: Perro no se pudo añadir
2023/08/18 18:08:46.677584 perroService.go:143: Perro no se pudo añadir
2023/08/18 18:08:46.677584 perroService.go:143: Perro no se pudo añadir
2023/08/18 18:08:46.677584 perroService.go:143: Perro no se pudo añadir
2023/08/18 18:08:46.677584 perroService.go:143: Perro no se pudo añadir
2023/08/18 18:08:46.677584 perroService.go:143: Perro no se pudo añadir
2023/08/18 18:11:51.278056 perroService.go:143: Perro no se pudo añadir
2023/08/18 18:11:51.278056 perroService.go:143: Perro no se pudo añadir
2023/08/18 18:11:51.278056 perroService.go:143: Perro no se pudo añadir
2023/08/18 18:11:51.278056 perroService.go:143: Perro no se pudo añadir
2023/08/18 18:11:51.278601 perroService.go:143: Perro no se pudo añadir
2023/08/18 18:11:51.278601 perroService.go:143: Perro no se pudo añadir
[GIN-debug] POST   /cat/                     --> rest-template/controller.CreateCat (5 handlers)
[GIN-debug] GET    /cat/:id                  --> rest-template/controller.GetCatByID (4 handlers)
[GIN-debug] GET    /cat/                     --> rest-template/controller.GetAllCats (4 handlers)
[GIN-debug] PUT    /cat/:id                  --> rest-template/controller.UpdateCat (6 handlers)
[GIN-debug] DELETE /cat/:id                  --> rest-template/controller.DeleteCat (6 handlers)
[GIN-debug] POST   /auth/login               --> github.com/appleboy/gin-jwt/v2.(*GinJWTMiddleware).LoginHandler-fm (4 handlers)
[GIN-debug] POST   /auth/refresh_token       --> github.com/appleboy/gin-jwt/v2.(*GinJWTMiddleware).RefreshHandler-fm (4 handlers)
[GIN-debug] POST   /auth/logout              --> github.com/appleboy/gin-jwt/v2.(*GinJWTMiddleware).LogoutHandler-fm (4 handlers)
[GIN-debug] GET    /dueno/:id                --> rest-template/controller.GetDuenoByID (4 handlers)
[GIN-debug] GET    /dueno/                   --> rest-template/controller.GetAllDuenos (4 handlers)
[GIN-debug] POST   /dueno/                   --> rest-template/controller.CreateDueno (5 handlers)
[GIN-debug] PUT    /dueno/:id                --> rest-template/controller.UpdateDueno (6 handlers)
[GIN-debug] DELETE /dueno/:id                --> rest-template/controller.DeleteDueno (6 handlers)
[GIN-debug] GET    /perro/:id                --> rest-template/controller.GetPerroByID (4 handlers)
[GIN-debug] GET    /perro/                   --> rest-template/controller.GetAllPerros (4 handlers)
[GIN-debug] POST   /perro/                   --> rest-template/controller.CreatePerro (5 handlers)
[GIN-debug] PUT    /perro/:id                --> rest-template/controller.UpdatePerro (6 handlers)
[GIN-debug] DELETE /perro/:id                --> rest-template/controller.DeletePerro (6 handlers)
[GIN-debug] POST   /user/                    --> rest-template/controller.CreateUser (4 handlers)
[GIN-debug] GET    /user/:id                 --> rest-template/controller.GetUserByID (4 handlers)
[GIN-debug] GET    /user/email/:email        --> rest-template/controller.GetUserByEmail (4 handlers)
[GIN-debug] GET    /user/                    --> rest-template/controller.GetAllUsers (4 handlers)
[GIN-debug] PUT    /user/:id                 --> rest-template/controller.UpdateUser (6 handlers)
[GIN-debug] DELETE /user/:id                 --> rest-template/controller.DeleteUser (6 handlers)
2023/08/18 18:13:39.190877 perroService.go:72: Se encontró el Perro
2023/08/18 18:13:49.891797 logger.go:26: Service: GetUserByEmail
2023/08/18 18:13:49.936606 logger.go:26: Se encontró el usuario
2023/08/18 18:15:22.821435 perroService.go:124: Perro actualizado
2023/08/18 18:15:26.414426 perroService.go:72: Se encontró el Perro
2023/08/18 18:15:45.389373 perroService.go:67: Perro no encontrado
2023/08/18 18:16:47.658961 perroController.go:32: Dueño creado en la base de datos
[GIN-debug] POST   /auth/login               --> github.com/appleboy/gin-jwt/v2.(*GinJWTMiddleware).LoginHandler-fm (4 handlers)
[GIN-debug] POST   /auth/refresh_token       --> github.com/appleboy/gin-jwt/v2.(*GinJWTMiddleware).RefreshHandler-fm (4 handlers)
[GIN-debug] POST   /auth/logout              --> github.com/appleboy/gin-jwt/v2.(*GinJWTMiddleware).LogoutHandler-fm (4 handlers)
[GIN-debug] GET    /dueno/:id                --> rest-template/controller.GetDuenoByID (4 handlers)
[GIN-debug] GET    /dueno/                   --> rest-template/controller.GetAllDuenos (4 handlers)
[GIN-debug] POST   /dueno/                   --> rest-template/controller.CreateDueno (5 handlers)
[GIN-debug] PUT    /dueno/:id                --> rest-template/controller.UpdateDueno (6 handlers)
[GIN-debug] DELETE /dueno/:id                --> rest-template/controller.DeleteDueno (6 handlers)
[GIN-debug] GET    /perro/:id                --> rest-template/controller.GetPerroByID (4 handlers)
[GIN-debug] GET    /perro/                   --> rest-template/controller.GetAllPerros (4 handlers)
[GIN-debug] POST   /perro/                   --> rest-template/controller.CreatePerro (5 handlers)
[GIN-debug] PUT    /perro/:id                --> rest-template/controller.UpdatePerro (6 handlers)
[GIN-debug] DELETE /perro/:id                --> rest-template/controller.DeletePerro (6 handlers)
[GIN-debug] GET    /vacuna/:id               --> rest-template/controller.GetVacunaByID (4 handlers)
[GIN-debug] GET    /vacuna/                  --> rest-template/controller.GetAllVacunas (4 handlers)
[GIN-debug] POST   /vacuna/                  --> rest-template/controller.CreateVacuna (5 handlers)
[GIN-debug] PUT    /vacuna/:id               --> rest-template/controller.UpdateVacuna (6 handlers)
[GIN-debug] DELETE /vacuna/:id               --> rest-template/controller.DeleteVacuna (6 handlers)
[GIN-debug] POST   /user/                    --> rest-template/controller.CreateUser (4 handlers)
[GIN-debug] GET    /user/:id                 --> rest-template/controller.GetUserByID (4 handlers)
[GIN-debug] GET    /user/email/:email        --> rest-template/controller.GetUserByEmail (4 handlers)
[GIN-debug] GET    /user/                    --> rest-template/controller.GetAllUsers (4 handlers)
[GIN-debug] PUT    /user/:id                 --> rest-template/controller.UpdateUser (6 handlers)
[GIN-debug] DELETE /user/:id                 --> rest-template/controller.DeleteUser (6 handlers)
2023/08/18 18:31:52.174668 vacunaController.go:31: Dueño creado en la base de datos
2023/08/18 18:32:06.544418 vacunaService.go:71: Se encontró el Vacuna
2023/08/18 18:32:45.852114 vacunaService.go:123: Vacuna actualizado
2023/08/18 18:33:58.988043 vacunaService.go:71: Se encontró el Vacuna
2023/08/18 18:34:29.871734 vacunaService.go:66: Vacuna no encontrado
2023/08/18 18:55:32.000926 perroService.go:71: Se encontró el Perro
[GIN-debug] POST   /auth/login               --> github.com/appleboy/gin-jwt/v2.(*GinJWTMiddleware).LoginHandler-fm (4 handlers)
[GIN-debug] POST   /auth/refresh_token       --> github.com/appleboy/gin-jwt/v2.(*GinJWTMiddleware).RefreshHandler-fm (4 handlers)
[GIN-debug] POST   /auth/logout              --> github.com/appleboy/gin-jwt/v2.(*GinJWTMiddleware).LogoutHandler-fm (4 handlers)
[GIN-debug] GET    /dueno/:id                --> rest-template/controller.GetDuenoByID (4 handlers)
[GIN-debug] GET    /dueno/                   --> rest-template/controller.GetAllDuenos (4 handlers)
[GIN-debug] POST   /dueno/                   --> rest-template/controller.CreateDueno (5 handlers)
[GIN-debug] PUT    /dueno/:id                --> rest-template/controller.UpdateDueno (6 handlers)
[GIN-debug] DELETE /dueno/:id                --> rest-template/controller.DeleteDueno (6 handlers)
[GIN-debug] GET    /perro/:id                --> rest-template/controller.GetPerroByID (4 handlers)
[GIN-debug] GET    /perro/                   --> rest-template/controller.GetAllPerros (4 handlers)
[GIN-debug] GET    /perro/dueno/:id          --> rest-template/controller.GetDuenobyPerroID (4 handlers)
[GIN-debug] POST   /perro/                   --> rest-template/controller.CreatePerro (5 handlers)
[GIN-debug] PUT    /perro/:id                --> rest-template/controller.UpdatePerro (6 handlers)
[GIN-debug] DELETE /perro/:id                --> rest-template/controller.DeletePerro (6 handlers)
[GIN-debug] GET    /vacuna/:id               --> rest-template/controller.GetVacunaByID (4 handlers)
[GIN-debug] GET    /vacuna/                  --> rest-template/controller.GetAllVacunas (4 handlers)
[GIN-debug] POST   /vacuna/                  --> rest-template/controller.CreateVacuna (5 handlers)
[GIN-debug] PUT    /vacuna/:id               --> rest-template/controller.UpdateVacuna (6 handlers)
[GIN-debug] DELETE /vacuna/:id               --> rest-template/controller.DeleteVacuna (6 handlers)
[GIN-debug] POST   /user/                    --> rest-template/controller.CreateUser (4 handlers)
[GIN-debug] GET    /user/:id                 --> rest-template/controller.GetUserByID (4 handlers)
[GIN-debug] GET    /user/email/:email        --> rest-template/controller.GetUserByEmail (4 handlers)
[GIN-debug] GET    /user/                    --> rest-template/controller.GetAllUsers (4 handlers)
[GIN-debug] PUT    /user/:id                 --> rest-template/controller.UpdateUser (6 handlers)
[GIN-debug] DELETE /user/:id                 --> rest-template/controller.DeleteUser (6 handlers)
2023/08/18 18:55:57.842747 perroService.go:71: Se encontró el Perro
2023/08/18 18:55:57.855955 duenoService.go:71: Se encontró el Dueno
[GIN-debug] POST   /auth/login               --> github.com/appleboy/gin-jwt/v2.(*GinJWTMiddleware).LoginHandler-fm (4 handlers)
[GIN-debug] POST   /auth/refresh_token       --> github.com/appleboy/gin-jwt/v2.(*GinJWTMiddleware).RefreshHandler-fm (4 handlers)
[GIN-debug] POST   /auth/logout              --> github.com/appleboy/gin-jwt/v2.(*GinJWTMiddleware).LogoutHandler-fm (4 handlers)
[GIN-debug] GET    /dueno/:id                --> rest-template/controller.GetDuenoByID (4 handlers)
[GIN-debug] GET    /dueno/                   --> rest-template/controller.GetAllDuenos (4 handlers)
[GIN-debug] POST   /dueno/                   --> rest-template/controller.CreateDueno (5 handlers)
[GIN-debug] PUT    /dueno/:id                --> rest-template/controller.UpdateDueno (6 handlers)
[GIN-debug] DELETE /dueno/:id                --> rest-template/controller.DeleteDueno (6 handlers)
[GIN-debug] GET    /perro/:id                --> rest-template/controller.GetPerroByID (4 handlers)
[GIN-debug] GET    /perro/                   --> rest-template/controller.GetAllPerros (4 handlers)
[GIN-debug] GET    /perro/dueno/:id          --> rest-template/controller.GetDuenobyPerroID (4 handlers)
[GIN-debug] GET    /perro/vacunas/:id        --> rest-template/controller.GetVacunasPerros (4 handlers)
[GIN-debug] POST   /perro/                   --> rest-template/controller.CreatePerro (5 handlers)
[GIN-debug] PUT    /perro/:id                --> rest-template/controller.UpdatePerro (6 handlers)
[GIN-debug] DELETE /perro/:id                --> rest-template/controller.DeletePerro (6 handlers)
[GIN-debug] GET    /vacuna/:id               --> rest-template/controller.GetVacunaByID (4 handlers)
[GIN-debug] GET    /vacuna/                  --> rest-template/controller.GetAllVacunas (4 handlers)
[GIN-debug] POST   /vacuna/                  --> rest-template/controller.CreateVacuna (5 handlers)
[GIN-debug] PUT    /vacuna/:id               --> rest-template/controller.UpdateVacuna (6 handlers)
[GIN-debug] DELETE /vacuna/:id               --> rest-template/controller.DeleteVacuna (6 handlers)
[GIN-debug] POST   /user/                    --> rest-template/controller.CreateUser (4 handlers)
[GIN-debug] GET    /user/:id                 --> rest-template/controller.GetUserByID (4 handlers)
[GIN-debug] GET    /user/email/:email        --> rest-template/controller.GetUserByEmail (4 handlers)
[GIN-debug] GET    /user/                    --> rest-template/controller.GetAllUsers (4 handlers)
[GIN-debug] PUT    /user/:id                 --> rest-template/controller.UpdateUser (6 handlers)
[GIN-debug] DELETE /user/:id                 --> rest-template/controller.DeleteUser (6 handlers)
2023/08/18 20:45:10.377996 perroService.go:123: Perro actualizado
2023/08/18 20:45:30.705448 perroService.go:123: Perro actualizado
2023/08/18 20:46:04.326840 perroService.go:123: Perro actualizado
[GIN-debug] POST   /auth/login               --> github.com/appleboy/gin-jwt/v2.(*GinJWTMiddleware).LoginHandler-fm (4 handlers)
[GIN-debug] POST   /auth/refresh_token       --> github.com/appleboy/gin-jwt/v2.(*GinJWTMiddleware).RefreshHandler-fm (4 handlers)
[GIN-debug] POST   /auth/logout              --> github.com/appleboy/gin-jwt/v2.(*GinJWTMiddleware).LogoutHandler-fm (4 handlers)
[GIN-debug] GET    /dueno/:id                --> rest-template/controller.GetDuenoByID (4 handlers)
[GIN-debug] GET    /dueno/                   --> rest-template/controller.GetAllDuenos (4 handlers)
[GIN-debug] POST   /dueno/                   --> rest-template/controller.CreateDueno (5 handlers)
[GIN-debug] PUT    /dueno/:id                --> rest-template/controller.UpdateDueno (6 handlers)
[GIN-debug] DELETE /dueno/:id                --> rest-template/controller.DeleteDueno (6 handlers)
[GIN-debug] GET    /perro/:id                --> rest-template/controller.GetPerroByID (4 handlers)
[GIN-debug] GET    /perro/                   --> rest-template/controller.GetAllPerros (4 handlers)
[GIN-debug] GET    /perro/dueno/:id          --> rest-template/controller.GetDuenobyPerroID (4 handlers)
[GIN-debug] GET    /perro/vacunas/:id        --> rest-template/controller.GetVacunasPerros (4 handlers)
[GIN-debug] POST   /perro/                   --> rest-template/controller.CreatePerro (5 handlers)
[GIN-debug] PUT    /perro/:id                --> rest-template/controller.UpdatePerro (6 handlers)
[GIN-debug] DELETE /perro/:id                --> rest-template/controller.DeletePerro (6 handlers)
[GIN-debug] GET    /vacuna/:id               --> rest-template/controller.GetVacunaByID (4 handlers)
[GIN-debug] GET    /vacuna/                  --> rest-template/controller.GetAllVacunas (4 handlers)
[GIN-debug] POST   /vacuna/                  --> rest-template/controller.CreateVacuna (5 handlers)
[GIN-debug] PUT    /vacuna/:id               --> rest-template/controller.UpdateVacuna (6 handlers)
[GIN-debug] DELETE /vacuna/:id               --> rest-template/controller.DeleteVacuna (6 handlers)
[GIN-debug] POST   /user/                    --> rest-template/controller.CreateUser (4 handlers)
[GIN-debug] GET    /user/:id                 --> rest-template/controller.GetUserByID (4 handlers)
[GIN-debug] GET    /user/email/:email        --> rest-template/controller.GetUserByEmail (4 handlers)
[GIN-debug] GET    /user/                    --> rest-template/controller.GetAllUsers (4 handlers)
[GIN-debug] PUT    /user/:id                 --> rest-template/controller.UpdateUser (6 handlers)
[GIN-debug] DELETE /user/:id                 --> rest-template/controller.DeleteUser (6 handlers)
[GIN-debug] POST   /auth/login               --> github.com/appleboy/gin-jwt/v2.(*GinJWTMiddleware).LoginHandler-fm (4 handlers)
[GIN-debug] POST   /auth/refresh_token       --> github.com/appleboy/gin-jwt/v2.(*GinJWTMiddleware).RefreshHandler-fm (4 handlers)
[GIN-debug] POST   /auth/logout              --> github.com/appleboy/gin-jwt/v2.(*GinJWTMiddleware).LogoutHandler-fm (4 handlers)
[GIN-debug] GET    /dueno/:id                --> rest-template/controller.GetDuenoByID (4 handlers)
[GIN-debug] GET    /dueno/                   --> rest-template/controller.GetAllDuenos (4 handlers)
[GIN-debug] POST   /dueno/                   --> rest-template/controller.CreateDueno (5 handlers)
[GIN-debug] PUT    /dueno/:id                --> rest-template/controller.UpdateDueno (6 handlers)
[GIN-debug] DELETE /dueno/:id                --> rest-template/controller.DeleteDueno (6 handlers)
[GIN-debug] GET    /perro/:id                --> rest-template/controller.GetPerroByID (4 handlers)
[GIN-debug] GET    /perro/                   --> rest-template/controller.GetAllPerros (4 handlers)
[GIN-debug] GET    /perro/dueno/:id          --> rest-template/controller.GetDuenobyPerroID (4 handlers)
[GIN-debug] GET    /perro/vacunas/:id        --> rest-template/controller.GetVacunasPerros (4 handlers)
[GIN-debug] POST   /perro/                   --> rest-template/controller.CreatePerro (5 handlers)
[GIN-debug] PUT    /perro/:id                --> rest-template/controller.UpdatePerro (6 handlers)
[GIN-debug] DELETE /perro/:id                --> rest-template/controller.DeletePerro (6 handlers)
[GIN-debug] GET    /vacuna/:id               --> rest-template/controller.GetVacunaByID (4 handlers)
[GIN-debug] GET    /vacuna/                  --> rest-template/controller.GetAllVacunas (4 handlers)
[GIN-debug] POST   /vacuna/                  --> rest-template/controller.CreateVacuna (5 handlers)
[GIN-debug] PUT    /vacuna/:id               --> rest-template/controller.UpdateVacuna (6 handlers)
[GIN-debug] DELETE /vacuna/:id               --> rest-template/controller.DeleteVacuna (6 handlers)
[GIN-debug] POST   /user/                    --> rest-template/controller.CreateUser (4 handlers)
[GIN-debug] GET    /user/:id                 --> rest-template/controller.GetUserByID (4 handlers)
[GIN-debug] GET    /user/email/:email        --> rest-template/controller.GetUserByEmail (4 handlers)
[GIN-debug] GET    /user/                    --> rest-template/controller.GetAllUsers (4 handlers)
[GIN-debug] PUT    /user/:id                 --> rest-template/controller.UpdateUser (6 handlers)
[GIN-debug] DELETE /user/:id                 --> rest-template/controller.DeleteUser (6 handlers)
2023/08/18 22:59:22.321278 perroService.go:66: Perro no encontrado
2023/08/18 22:59:37.058061 perroService.go:71: Se encontró el Perro
2023/08/18 22:59:47.466550 perroService.go:71: Se encontró el Perro
2023/08/18 22:59:47.505452 duenoService.go:71: Se encontró el Dueno
2023/08/18 23:00:38.811216 perroService.go:71: Se encontró el Perro
2023/08/18 23:00:56.029425 perroService.go:71: Se encontró el Perro
2023/08/18 23:00:56.047411 duenoService.go:71: Se encontró el Dueno
[GIN-debug] POST   /auth/login               --> github.com/appleboy/gin-jwt/v2.(*GinJWTMiddleware).LoginHandler-fm (4 handlers)
[GIN-debug] POST   /auth/refresh_token       --> github.com/appleboy/gin-jwt/v2.(*GinJWTMiddleware).RefreshHandler-fm (4 handlers)
[GIN-debug] POST   /auth/logout              --> github.com/appleboy/gin-jwt/v2.(*GinJWTMiddleware).LogoutHandler-fm (4 handlers)
[GIN-debug] GET    /dueno/:id                --> rest-template/controller.GetDuenoByID (4 handlers)
[GIN-debug] GET    /dueno/                   --> rest-template/controller.GetAllDuenos (4 handlers)
[GIN-debug] POST   /dueno/                   --> rest-template/controller.CreateDueno (5 handlers)
[GIN-debug] PUT    /dueno/:id                --> rest-template/controller.UpdateDueno (6 handlers)
[GIN-debug] PUT    /dueno/:id                --> rest-template/controller.UpdateDuenoGeneral (6 handlers)
[GIN-debug] POST   /auth/login               --> github.com/appleboy/gin-jwt/v2.(*GinJWTMiddleware).LoginHandler-fm (4 handlers)
[GIN-debug] POST   /auth/refresh_token       --> github.com/appleboy/gin-jwt/v2.(*GinJWTMiddleware).RefreshHandler-fm (4 handlers)
[GIN-debug] POST   /auth/logout              --> github.com/appleboy/gin-jwt/v2.(*GinJWTMiddleware).LogoutHandler-fm (4 handlers)
[GIN-debug] GET    /dueno/:id                --> rest-template/controller.GetDuenoByID (4 handlers)
[GIN-debug] GET    /dueno/                   --> rest-template/controller.GetAllDuenos (4 handlers)
[GIN-debug] POST   /dueno/                   --> rest-template/controller.CreateDueno (5 handlers)
[GIN-debug] PUT    /dueno/:id                --> rest-template/controller.UpdateDueno (6 handlers)
[GIN-debug] PUT    /dueno/general/:id        --> rest-template/controller.UpdateDuenoGeneral (6 handlers)
[GIN-debug] DELETE /dueno/:id                --> rest-template/controller.DeleteDueno (6 handlers)
[GIN-debug] GET    /perro/:id                --> rest-template/controller.GetPerroByID (4 handlers)
[GIN-debug] GET    /perro/                   --> rest-template/controller.GetAllPerros (4 handlers)
[GIN-debug] GET    /perro/dueno/:id          --> rest-template/controller.GetDuenobyPerroID (4 handlers)
[GIN-debug] GET    /perro/vacunas/:id        --> rest-template/controller.GetVacunasPerros (4 handlers)
[GIN-debug] POST   /perro/                   --> rest-template/controller.CreatePerro (5 handlers)
[GIN-debug] PUT    /perro/:id                --> rest-template/controller.UpdatePerro (6 handlers)
[GIN-debug] DELETE /perro/:id                --> rest-template/controller.DeletePerro (6 handlers)
[GIN-debug] GET    /vacuna/:id               --> rest-template/controller.GetVacunaByID (4 handlers)
[GIN-debug] GET    /vacuna/                  --> rest-template/controller.GetAllVacunas (4 handlers)
[GIN-debug] POST   /vacuna/                  --> rest-template/controller.CreateVacuna (5 handlers)
[GIN-debug] PUT    /vacuna/:id               --> rest-template/controller.UpdateVacuna (6 handlers)
[GIN-debug] DELETE /vacuna/:id               --> rest-template/controller.DeleteVacuna (6 handlers)
[GIN-debug] POST   /user/                    --> rest-template/controller.CreateUser (4 handlers)
[GIN-debug] GET    /user/:id                 --> rest-template/controller.GetUserByID (4 handlers)
[GIN-debug] GET    /user/email/:email        --> rest-template/controller.GetUserByEmail (4 handlers)
[GIN-debug] GET    /user/                    --> rest-template/controller.GetAllUsers (4 handlers)
[GIN-debug] PUT    /user/:id                 --> rest-template/controller.UpdateUser (6 handlers)
[GIN-debug] DELETE /user/:id                 --> rest-template/controller.DeleteUser (6 handlers)
2023/08/18 23:47:49.617492 duenoService.go:71: Se encontró el Dueno
2023/08/18 23:49:47.385454 duenoService.go:123: Dueno actualizado
2023/08/18 23:50:02.408645 duenoService.go:71: Se encontró el Dueno
[GIN-debug] redirecting request 307: /dueno/general --> /dueno/general?token=eyJhbGciOiJIUzI1NiIsInR5cCI6IkpXVCJ9.eyJleHAiOjE2OTI5MzUzODksIm9yaWdfaWF0IjoxNjkyMzMwNTg5LCJyb2wiOiJVc2VyIiwidXNlciI6eyJfaWQiOiI2NGRkYjdmNzJkM2MyNzUwMzQ0ODdjYWYiLCJlbWFpbCI6InVzdWFyaW9AdXNhY2guY29tIiwibmFtZSI6IiIsInJvbCI6IlVzZXIiLCJfaGFzaCI6IiIsImNyZWF0ZWRfYXQiOiIwMDAxLTAxLTAxVDAwOjAwOjAwWiIsInVwZGF0ZWRfYXQiOiIwMDAxLTAxLTAxVDAwOjAwOjAwWiJ9fQ.FDBaVADOcyI-_Jk2hX4JxbSHJ6-woSk0aFfZLEKbYU0
2023/08/18 23:51:41.412049 duenoService.go:107: No fue posible convertir el ID
[GIN-debug] POST   /auth/login               --> github.com/appleboy/gin-jwt/v2.(*GinJWTMiddleware).LoginHandler-fm (4 handlers)
[GIN-debug] POST   /auth/refresh_token       --> github.com/appleboy/gin-jwt/v2.(*GinJWTMiddleware).RefreshHandler-fm (4 handlers)
[GIN-debug] POST   /auth/logout              --> github.com/appleboy/gin-jwt/v2.(*GinJWTMiddleware).LogoutHandler-fm (4 handlers)
[GIN-debug] GET    /dueno/:id                --> rest-template/controller.GetDuenoByID (4 handlers)
[GIN-debug] GET    /dueno/                   --> rest-template/controller.GetAllDuenos (4 handlers)
[GIN-debug] POST   /dueno/                   --> rest-template/controller.CreateDueno (5 handlers)
[GIN-debug] PUT    /dueno/:id                --> rest-template/controller.UpdateDueno (6 handlers)
[GIN-debug] PUT    /dueno/general/:id        --> rest-template/controller.UpdateDuenoGeneral (6 handlers)
[GIN-debug] DELETE /dueno/:id                --> rest-template/controller.DeleteDueno (6 handlers)
[GIN-debug] GET    /perro/:id                --> rest-template/controller.GetPerroByID (4 handlers)
[GIN-debug] GET    /perro/                   --> rest-template/controller.GetAllPerros (4 handlers)
[GIN-debug] GET    /perro/dueno/:id          --> rest-template/controller.GetDuenobyPerroID (4 handlers)
[GIN-debug] GET    /perro/vacunas/:id        --> rest-template/controller.GetVacunasPerros (4 handlers)
[GIN-debug] POST   /perro/                   --> rest-template/controller.CreatePerro (5 handlers)
[GIN-debug] PUT    /perro/:id                --> rest-template/controller.UpdatePerro (6 handlers)
[GIN-debug] DELETE /perro/:id                --> rest-template/controller.DeletePerro (6 handlers)
[GIN-debug] GET    /vacuna/:id               --> rest-template/controller.GetVacunaByID (4 handlers)
[GIN-debug] GET    /vacuna/                  --> rest-template/controller.GetAllVacunas (4 handlers)
[GIN-debug] POST   /vacuna/                  --> rest-template/controller.CreateVacuna (5 handlers)
[GIN-debug] PUT    /vacuna/:id               --> rest-template/controller.UpdateVacuna (6 handlers)
[GIN-debug] DELETE /vacuna/:id               --> rest-template/controller.DeleteVacuna (6 handlers)
[GIN-debug] POST   /user/                    --> rest-template/controller.CreateUser (4 handlers)
[GIN-debug] GET    /user/:id                 --> rest-template/controller.GetUserByID (4 handlers)
[GIN-debug] GET    /user/email/:email        --> rest-template/controller.GetUserByEmail (4 handlers)
[GIN-debug] GET    /user/                    --> rest-template/controller.GetAllUsers (4 handlers)
[GIN-debug] PUT    /user/:id                 --> rest-template/controller.UpdateUser (6 handlers)
[GIN-debug] DELETE /user/:id                 --> rest-template/controller.DeleteUser (6 handlers)
[GIN-debug] redirecting request 307: /dueno/general --> /dueno/general?token=eyJhbGciOiJIUzI1NiIsInR5cCI6IkpXVCJ9.eyJleHAiOjE2OTI5MzUzODksIm9yaWdfaWF0IjoxNjkyMzMwNTg5LCJyb2wiOiJVc2VyIiwidXNlciI6eyJfaWQiOiI2NGRkYjdmNzJkM2MyNzUwMzQ0ODdjYWYiLCJlbWFpbCI6InVzdWFyaW9AdXNhY2guY29tIiwibmFtZSI6IiIsInJvbCI6IlVzZXIiLCJfaGFzaCI6IiIsImNyZWF0ZWRfYXQiOiIwMDAxLTAxLTAxVDAwOjAwOjAwWiIsInVwZGF0ZWRfYXQiOiIwMDAxLTAxLTAxVDAwOjAwOjAwWiJ9fQ.FDBaVADOcyI-_Jk2hX4JxbSHJ6-woSk0aFfZLEKbYU0
2023/08/18 23:54:35.840141 duenoService.go:107: No fue posible convertir el ID
2023/08/19 00:00:14.098764 duenoService.go:123: Dueno actualizado
[GIN-debug] redirecting request 307: /dueno/general --> /dueno/general?token=eyJhbGciOiJIUzI1NiIsInR5cCI6IkpXVCJ9.eyJleHAiOjE2OTI5MzUzODksIm9yaWdfaWF0IjoxNjkyMzMwNTg5LCJyb2wiOiJVc2VyIiwidXNlciI6eyJfaWQiOiI2NGRkYjdmNzJkM2MyNzUwMzQ0ODdjYWYiLCJlbWFpbCI6InVzdWFyaW9AdXNhY2guY29tIiwibmFtZSI6IiIsInJvbCI6IlVzZXIiLCJfaGFzaCI6IiIsImNyZWF0ZWRfYXQiOiIwMDAxLTAxLTAxVDAwOjAwOjAwWiIsInVwZGF0ZWRfYXQiOiIwMDAxLTAxLTAxVDAwOjAwOjAwWiJ9fQ.FDBaVADOcyI-_Jk2hX4JxbSHJ6-woSk0aFfZLEKbYU0
2023/08/19 00:19:11.359626 duenoService.go:107: No fue posible convertir el ID
[GIN-debug] POST   /auth/login               --> github.com/appleboy/gin-jwt/v2.(*GinJWTMiddleware).LoginHandler-fm (4 handlers)
[GIN-debug] POST   /auth/refresh_token       --> github.com/appleboy/gin-jwt/v2.(*GinJWTMiddleware).RefreshHandler-fm (4 handlers)
[GIN-debug] POST   /auth/logout              --> github.com/appleboy/gin-jwt/v2.(*GinJWTMiddleware).LogoutHandler-fm (4 handlers)
[GIN-debug] GET    /dueno/:id                --> rest-template/controller.GetDuenoByID (4 handlers)
[GIN-debug] GET    /dueno/                   --> rest-template/controller.GetAllDuenos (4 handlers)
[GIN-debug] POST   /dueno/                   --> rest-template/controller.CreateDueno (5 handlers)
[GIN-debug] PUT    /dueno/:id                --> rest-template/controller.UpdateDueno (6 handlers)
[GIN-debug] PUT    /dueno/general/:id        --> rest-template/controller.UpdateDuenoGeneral (6 handlers)
[GIN-debug] DELETE /dueno/:id                --> rest-template/controller.DeleteDueno (6 handlers)
[GIN-debug] GET    /perro/:id                --> rest-template/controller.GetPerroByID (4 handlers)
[GIN-debug] GET    /perro/                   --> rest-template/controller.GetAllPerros (4 handlers)
[GIN-debug] GET    /perro/dueno/:id          --> rest-template/controller.GetDuenobyPerroID (4 handlers)
[GIN-debug] GET    /perro/vacunas/:id        --> rest-template/controller.GetVacunasPerros (4 handlers)
[GIN-debug] POST   /perro/                   --> rest-template/controller.CreatePerro (5 handlers)
[GIN-debug] PUT    /perro/:id                --> rest-template/controller.UpdatePerro (6 handlers)
[GIN-debug] DELETE /perro/:id                --> rest-template/controller.DeletePerro (6 handlers)
[GIN-debug] GET    /vacuna/:id               --> rest-template/controller.GetVacunaByID (4 handlers)
[GIN-debug] GET    /vacuna/                  --> rest-template/controller.GetAllVacunas (4 handlers)
[GIN-debug] POST   /vacuna/                  --> rest-template/controller.CreateVacuna (5 handlers)
[GIN-debug] PUT    /vacuna/:id               --> rest-template/controller.UpdateVacuna (6 handlers)
[GIN-debug] DELETE /vacuna/:id               --> rest-template/controller.DeleteVacuna (6 handlers)
[GIN-debug] POST   /user/                    --> rest-template/controller.CreateUser (4 handlers)
[GIN-debug] GET    /user/:id                 --> rest-template/controller.GetUserByID (4 handlers)
[GIN-debug] GET    /user/email/:email        --> rest-template/controller.GetUserByEmail (4 handlers)
[GIN-debug] GET    /user/                    --> rest-template/controller.GetAllUsers (4 handlers)
[GIN-debug] PUT    /user/:id                 --> rest-template/controller.UpdateUser (6 handlers)
[GIN-debug] DELETE /user/:id                 --> rest-template/controller.DeleteUser (6 handlers)
[GIN-debug] redirecting request 307: /dueno/general --> /dueno/general?token=eyJhbGciOiJIUzI1NiIsInR5cCI6IkpXVCJ9.eyJleHAiOjE2OTI5MzUzODksIm9yaWdfaWF0IjoxNjkyMzMwNTg5LCJyb2wiOiJVc2VyIiwidXNlciI6eyJfaWQiOiI2NGRkYjdmNzJkM2MyNzUwMzQ0ODdjYWYiLCJlbWFpbCI6InVzdWFyaW9AdXNhY2guY29tIiwibmFtZSI6IiIsInJvbCI6IlVzZXIiLCJfaGFzaCI6IiIsImNyZWF0ZWRfYXQiOiIwMDAxLTAxLTAxVDAwOjAwOjAwWiIsInVwZGF0ZWRfYXQiOiIwMDAxLTAxLTAxVDAwOjAwOjAwWiJ9fQ.FDBaVADOcyI-_Jk2hX4JxbSHJ6-woSk0aFfZLEKbYU0
2023/08/19 23:25:31.864999 duenoService.go:107: No fue posible convertir el ID
2023/08/19 23:25:38.356881 duenoService.go:123: Dueno actualizado
2023/08/19 23:26:02.791271 duenoService.go:123: Dueno actualizado
[GIN-debug] redirecting request 307: /dueno/general --> /dueno/general?token=eyJhbGciOiJIUzI1NiIsInR5cCI6IkpXVCJ9.eyJleHAiOjE2OTI5MzUzODksIm9yaWdfaWF0IjoxNjkyMzMwNTg5LCJyb2wiOiJVc2VyIiwidXNlciI6eyJfaWQiOiI2NGRkYjdmNzJkM2MyNzUwMzQ0ODdjYWYiLCJlbWFpbCI6InVzdWFyaW9AdXNhY2guY29tIiwibmFtZSI6IiIsInJvbCI6IlVzZXIiLCJfaGFzaCI6IiIsImNyZWF0ZWRfYXQiOiIwMDAxLTAxLTAxVDAwOjAwOjAwWiIsInVwZGF0ZWRfYXQiOiIwMDAxLTAxLTAxVDAwOjAwOjAwWiJ9fQ.FDBaVADOcyI-_Jk2hX4JxbSHJ6-woSk0aFfZLEKbYU0
2023/08/19 23:30:07.333031 duenoService.go:107: No fue posible convertir el ID
[GIN-debug] POST   /auth/login               --> github.com/appleboy/gin-jwt/v2.(*GinJWTMiddleware).LoginHandler-fm (4 handlers)
[GIN-debug] POST   /auth/refresh_token       --> github.com/appleboy/gin-jwt/v2.(*GinJWTMiddleware).RefreshHandler-fm (4 handlers)
[GIN-debug] POST   /auth/logout              --> github.com/appleboy/gin-jwt/v2.(*GinJWTMiddleware).LogoutHandler-fm (4 handlers)
[GIN-debug] GET    /dueno/:id                --> rest-template/controller.GetDuenoByID (4 handlers)
[GIN-debug] GET    /dueno/                   --> rest-template/controller.GetAllDuenos (4 handlers)
[GIN-debug] POST   /dueno/                   --> rest-template/controller.CreateDueno (5 handlers)
[GIN-debug] PUT    /dueno/:id                --> rest-template/controller.UpdateDueno (6 handlers)
[GIN-debug] PUT    /dueno/general/:id        --> rest-template/controller.UpdateDuenoGeneral (6 handlers)
[GIN-debug] DELETE /dueno/:id                --> rest-template/controller.DeleteDueno (6 handlers)
[GIN-debug] GET    /perro/:id                --> rest-template/controller.GetPerroByID (4 handlers)
[GIN-debug] GET    /perro/                   --> rest-template/controller.GetAllPerros (4 handlers)
[GIN-debug] GET    /perro/dueno/:id          --> rest-template/controller.GetDuenobyPerroID (4 handlers)
[GIN-debug] GET    /perro/vacunas/:id        --> rest-template/controller.GetVacunasPerros (4 handlers)
[GIN-debug] POST   /perro/                   --> rest-template/controller.CreatePerro (5 handlers)
[GIN-debug] PUT    /perro/:id                --> rest-template/controller.UpdatePerro (6 handlers)
[GIN-debug] DELETE /perro/:id                --> rest-template/controller.DeletePerro (6 handlers)
[GIN-debug] GET    /vacuna/:id               --> rest-template/controller.GetVacunaByID (4 handlers)
[GIN-debug] GET    /vacuna/                  --> rest-template/controller.GetAllVacunas (4 handlers)
[GIN-debug] POST   /vacuna/                  --> rest-template/controller.CreateVacuna (5 handlers)
[GIN-debug] PUT    /vacuna/:id               --> rest-template/controller.UpdateVacuna (6 handlers)
[GIN-debug] DELETE /vacuna/:id               --> rest-template/controller.DeleteVacuna (6 handlers)
[GIN-debug] POST   /user/                    --> rest-template/controller.CreateUser (4 handlers)
[GIN-debug] GET    /user/:id                 --> rest-template/controller.GetUserByID (4 handlers)
[GIN-debug] GET    /user/email/:email        --> rest-template/controller.GetUserByEmail (4 handlers)
[GIN-debug] GET    /user/                    --> rest-template/controller.GetAllUsers (4 handlers)
[GIN-debug] PUT    /user/:id                 --> rest-template/controller.UpdateUser (6 handlers)
[GIN-debug] DELETE /user/:id                 --> rest-template/controller.DeleteUser (6 handlers)
[GIN-debug] redirecting request 307: /dueno/general --> /dueno/general?token=eyJhbGciOiJIUzI1NiIsInR5cCI6IkpXVCJ9.eyJleHAiOjE2OTI5MzUzODksIm9yaWdfaWF0IjoxNjkyMzMwNTg5LCJyb2wiOiJVc2VyIiwidXNlciI6eyJfaWQiOiI2NGRkYjdmNzJkM2MyNzUwMzQ0ODdjYWYiLCJlbWFpbCI6InVzdWFyaW9AdXNhY2guY29tIiwibmFtZSI6IiIsInJvbCI6IlVzZXIiLCJfaGFzaCI6IiIsImNyZWF0ZWRfYXQiOiIwMDAxLTAxLTAxVDAwOjAwOjAwWiIsInVwZGF0ZWRfYXQiOiIwMDAxLTAxLTAxVDAwOjAwOjAwWiJ9fQ.FDBaVADOcyI-_Jk2hX4JxbSHJ6-woSk0aFfZLEKbYU0
2023/08/19 23:32:19.417848 duenoService.go:107: No fue posible convertir el ID
[GIN-debug] POST   /auth/login               --> github.com/appleboy/gin-jwt/v2.(*GinJWTMiddleware).LoginHandler-fm (4 handlers)
[GIN-debug] POST   /auth/refresh_token       --> github.com/appleboy/gin-jwt/v2.(*GinJWTMiddleware).RefreshHandler-fm (4 handlers)
[GIN-debug] POST   /auth/logout              --> github.com/appleboy/gin-jwt/v2.(*GinJWTMiddleware).LogoutHandler-fm (4 handlers)
[GIN-debug] GET    /dueno/:id                --> rest-template/controller.GetDuenoByID (4 handlers)
[GIN-debug] GET    /dueno/                   --> rest-template/controller.GetAllDuenos (4 handlers)
[GIN-debug] POST   /dueno/                   --> rest-template/controller.CreateDueno (5 handlers)
[GIN-debug] PUT    /dueno/:id                --> rest-template/controller.UpdateDueno (6 handlers)
[GIN-debug] PUT    /dueno/general/:id        --> rest-template/controller.UpdateDuenoGeneral (6 handlers)
[GIN-debug] DELETE /dueno/:id                --> rest-template/controller.DeleteDueno (6 handlers)
[GIN-debug] GET    /perro/:id                --> rest-template/controller.GetPerroByID (4 handlers)
[GIN-debug] GET    /perro/                   --> rest-template/controller.GetAllPerros (4 handlers)
[GIN-debug] GET    /perro/dueno/:id          --> rest-template/controller.GetDuenobyPerroID (4 handlers)
[GIN-debug] GET    /perro/vacunas/:id        --> rest-template/controller.GetVacunasPerros (4 handlers)
[GIN-debug] POST   /perro/                   --> rest-template/controller.CreatePerro (5 handlers)
[GIN-debug] PUT    /perro/:id                --> rest-template/controller.UpdatePerro (6 handlers)
[GIN-debug] DELETE /perro/:id                --> rest-template/controller.DeletePerro (6 handlers)
[GIN-debug] GET    /vacuna/:id               --> rest-template/controller.GetVacunaByID (4 handlers)
[GIN-debug] GET    /vacuna/                  --> rest-template/controller.GetAllVacunas (4 handlers)
[GIN-debug] POST   /vacuna/                  --> rest-template/controller.CreateVacuna (5 handlers)
[GIN-debug] PUT    /vacuna/:id               --> rest-template/controller.UpdateVacuna (6 handlers)
[GIN-debug] DELETE /vacuna/:id               --> rest-template/controller.DeleteVacuna (6 handlers)
[GIN-debug] POST   /user/                    --> rest-template/controller.CreateUser (4 handlers)
[GIN-debug] GET    /user/:id                 --> rest-template/controller.GetUserByID (4 handlers)
[GIN-debug] GET    /user/email/:email        --> rest-template/controller.GetUserByEmail (4 handlers)
[GIN-debug] GET    /user/                    --> rest-template/controller.GetAllUsers (4 handlers)
[GIN-debug] PUT    /user/:id                 --> rest-template/controller.UpdateUser (6 handlers)
[GIN-debug] DELETE /user/:id                 --> rest-template/controller.DeleteUser (6 handlers)
[GIN-debug] redirecting request 307: /dueno/general --> /dueno/general?token=eyJhbGciOiJIUzI1NiIsInR5cCI6IkpXVCJ9.eyJleHAiOjE2OTI5MzUzODksIm9yaWdfaWF0IjoxNjkyMzMwNTg5LCJyb2wiOiJVc2VyIiwidXNlciI6eyJfaWQiOiI2NGRkYjdmNzJkM2MyNzUwMzQ0ODdjYWYiLCJlbWFpbCI6InVzdWFyaW9AdXNhY2guY29tIiwibmFtZSI6IiIsInJvbCI6IlVzZXIiLCJfaGFzaCI6IiIsImNyZWF0ZWRfYXQiOiIwMDAxLTAxLTAxVDAwOjAwOjAwWiIsInVwZGF0ZWRfYXQiOiIwMDAxLTAxLTAxVDAwOjAwOjAwWiJ9fQ.FDBaVADOcyI-_Jk2hX4JxbSHJ6-woSk0aFfZLEKbYU0
2023/08/19 23:35:25.047351 duenoService.go:107: No fue posible convertir el ID
2023/08/19 23:36:09.145923 duenoService.go:71: Se encontró el Dueno
2023/08/19 23:38:13.722746 duenoService.go:166: Duenos actualizado
[GIN-debug] POST   /auth/login               --> github.com/appleboy/gin-jwt/v2.(*GinJWTMiddleware).LoginHandler-fm (4 handlers)
[GIN-debug] POST   /auth/refresh_token       --> github.com/appleboy/gin-jwt/v2.(*GinJWTMiddleware).RefreshHandler-fm (4 handlers)
[GIN-debug] POST   /auth/logout              --> github.com/appleboy/gin-jwt/v2.(*GinJWTMiddleware).LogoutHandler-fm (4 handlers)
[GIN-debug] GET    /dueno/:id                --> rest-template/controller.GetDuenoByID (4 handlers)
[GIN-debug] GET    /dueno/                   --> rest-template/controller.GetAllDuenos (4 handlers)
[GIN-debug] POST   /dueno/                   --> rest-template/controller.CreateDueno (5 handlers)
[GIN-debug] PUT    /dueno/:id                --> rest-template/controller.UpdateDueno (6 handlers)
[GIN-debug] PUT    /dueno/general/:id        --> rest-template/controller.UpdateDuenoGeneral (6 handlers)
[GIN-debug] DELETE /dueno/:id                --> rest-template/controller.DeleteDueno (6 handlers)
[GIN-debug] GET    /perro/:id                --> rest-template/controller.GetPerroByID (4 handlers)
[GIN-debug] GET    /perro/                   --> rest-template/controller.GetAllPerros (4 handlers)
[GIN-debug] GET    /perro/dueno/:id          --> rest-template/controller.GetDuenobyPerroID (4 handlers)
[GIN-debug] GET    /perro/vacunas/:id        --> rest-template/controller.GetVacunasPerros (4 handlers)
[GIN-debug] POST   /perro/                   --> rest-template/controller.CreatePerro (5 handlers)
[GIN-debug] PUT    /perro/:id                --> rest-template/controller.UpdatePerro (6 handlers)
[GIN-debug] PUT    /perro/general/:id        --> rest-template/controller.UpdatePerroGeneral (6 handlers)
[GIN-debug] DELETE /perro/:id                --> rest-template/controller.DeletePerro (6 handlers)
[GIN-debug] GET    /vacuna/:id               --> rest-template/controller.GetVacunaByID (4 handlers)
[GIN-debug] GET    /vacuna/                  --> rest-template/controller.GetAllVacunas (4 handlers)
[GIN-debug] POST   /vacuna/                  --> rest-template/controller.CreateVacuna (5 handlers)
[GIN-debug] PUT    /vacuna/:id               --> rest-template/controller.UpdateVacuna (6 handlers)
[GIN-debug] PUT    /vacuna/general/:id       --> rest-template/controller.UpdateVacunaGeneral (6 handlers)
[GIN-debug] DELETE /vacuna/:id               --> rest-template/controller.DeleteVacuna (6 handlers)
[GIN-debug] POST   /user/                    --> rest-template/controller.CreateUser (4 handlers)
[GIN-debug] GET    /user/:id                 --> rest-template/controller.GetUserByID (4 handlers)
[GIN-debug] GET    /user/email/:email        --> rest-template/controller.GetUserByEmail (4 handlers)
[GIN-debug] GET    /user/                    --> rest-template/controller.GetAllUsers (4 handlers)
[GIN-debug] PUT    /user/:id                 --> rest-template/controller.UpdateUser (6 handlers)
[GIN-debug] DELETE /user/:id                 --> rest-template/controller.DeleteUser (6 handlers)
2023/08/20 00:16:52.080026 logger.go:26: Service: GetUserByEmail
2023/08/20 00:16:52.134868 logger.go:26: Se encontró el usuario
2023/08/20 00:18:36.012605 duenoController.go:31: Dueño creado en la base de datos
2023/08/20 00:23:29.242053 duenoService.go:167: Dueños actualizado
[GIN-debug] POST   /auth/login               --> github.com/appleboy/gin-jwt/v2.(*GinJWTMiddleware).LoginHandler-fm (4 handlers)
[GIN-debug] POST   /auth/refresh_token       --> github.com/appleboy/gin-jwt/v2.(*GinJWTMiddleware).RefreshHandler-fm (4 handlers)
[GIN-debug] POST   /auth/logout              --> github.com/appleboy/gin-jwt/v2.(*GinJWTMiddleware).LogoutHandler-fm (4 handlers)
[GIN-debug] GET    /dueno/:id                --> rest-template/controller.GetDuenoByID (4 handlers)
[GIN-debug] GET    /dueno/                   --> rest-template/controller.GetAllDuenos (4 handlers)
[GIN-debug] POST   /dueno/                   --> rest-template/controller.CreateDueno (5 handlers)
[GIN-debug] PUT    /dueno/:id                --> rest-template/controller.UpdateDueno (6 handlers)
[GIN-debug] PUT    /dueno/general/:id        --> rest-template/controller.UpdateDuenoGeneral (6 handlers)
[GIN-debug] DELETE /dueno/:id                --> rest-template/controller.DeleteDueno (6 handlers)
[GIN-debug] GET    /perro/:id                --> rest-template/controller.GetPerroByID (4 handlers)
[GIN-debug] GET    /perro/                   --> rest-template/controller.GetAllPerros (4 handlers)
[GIN-debug] GET    /perro/dueno/:id          --> rest-template/controller.GetDuenobyPerroID (4 handlers)
[GIN-debug] GET    /perro/vacunas/:id        --> rest-template/controller.GetVacunasPerros (4 handlers)
[GIN-debug] POST   /perro/                   --> rest-template/controller.CreatePerro (5 handlers)
[GIN-debug] PUT    /perro/:id                --> rest-template/controller.UpdatePerro (6 handlers)
[GIN-debug] PUT    /perro/general/:id        --> rest-template/controller.UpdatePerroGeneral (6 handlers)
[GIN-debug] DELETE /perro/:id                --> rest-template/controller.DeletePerro (6 handlers)
[GIN-debug] GET    /vacuna/:id               --> rest-template/controller.GetVacunaByID (4 handlers)
[GIN-debug] GET    /vacuna/                  --> rest-template/controller.GetAllVacunas (4 handlers)
[GIN-debug] POST   /vacuna/                  --> rest-template/controller.CreateVacuna (5 handlers)
[GIN-debug] PUT    /vacuna/:id               --> rest-template/controller.UpdateVacuna (6 handlers)
[GIN-debug] PUT    /vacuna/general/:id       --> rest-template/controller.UpdateVacunaGeneral (6 handlers)
[GIN-debug] DELETE /vacuna/:id               --> rest-template/controller.DeleteVacuna (6 handlers)
[GIN-debug] POST   /user/                    --> rest-template/controller.CreateUser (4 handlers)
[GIN-debug] GET    /user/:id                 --> rest-template/controller.GetUserByID (4 handlers)
[GIN-debug] GET    /user/email/:email        --> rest-template/controller.GetUserByEmail (4 handlers)
[GIN-debug] GET    /user/                    --> rest-template/controller.GetAllUsers (4 handlers)
[GIN-debug] PUT    /user/:id                 --> rest-template/controller.UpdateUser (6 handlers)
[GIN-debug] DELETE /user/:id                 --> rest-template/controller.DeleteUser (6 handlers)
[GIN-debug] redirecting request 307: /vacuna/general --> /vacuna/general?token=eyJhbGciOiJIUzI1NiIsInR5cCI6IkpXVCJ9.eyJleHAiOjE2OTMwMDE2MjksIm9yaWdfaWF0IjoxNjkyMzk2ODI5LCJyb2wiOiJBZG1pbiIsInVzZXIiOnsiX2lkIjoiNjRkZWVlYzUxNGRhYjdhNjg4YzBkNzQ4IiwiZW1haWwiOiJ1c3VhcmlvMkB1c2FjaC5jb20iLCJuYW1lIjoiIiwicm9sIjoiQWRtaW4iLCJfaGFzaCI6IiIsImNyZWF0ZWRfYXQiOiIwMDAxLTAxLTAxVDAwOjAwOjAwWiIsInVwZGF0ZWRfYXQiOiIwMDAxLTAxLTAxVDAwOjAwOjAwWiJ9fQ.pGFztInaQJ1tmYDqSf8nCO9AGQdmgZfF6iFyKxzg0kI
[GIN-debug] redirecting request 307: /vacuna/general --> /vacuna/general?token=eyJhbGciOiJIUzI1NiIsInR5cCI6IkpXVCJ9.eyJleHAiOjE2OTMwMDE2MjksIm9yaWdfaWF0IjoxNjkyMzk2ODI5LCJyb2wiOiJBZG1pbiIsInVzZXIiOnsiX2lkIjoiNjRkZWVlYzUxNGRhYjdhNjg4YzBkNzQ4IiwiZW1haWwiOiJ1c3VhcmlvMkB1c2FjaC5jb20iLCJuYW1lIjoiIiwicm9sIjoiQWRtaW4iLCJfaGFzaCI6IiIsImNyZWF0ZWRfYXQiOiIwMDAxLTAxLTAxVDAwOjAwOjAwWiIsInVwZGF0ZWRfYXQiOiIwMDAxLTAxLTAxVDAwOjAwOjAwWiJ9fQ.pGFztInaQJ1tmYDqSf8nCO9AGQdmgZfF6iFyKxzg0kI
2023/08/20 00:39:36.863866 logger.go:26: Service: GetUserByEmail
2023/08/20 00:39:36.900860 logger.go:26: Se encontró el usuario
[GIN-debug] redirecting request 307: /vacuna/general --> /vacuna/general?token=eyJhbGciOiJIUzI1NiIsInR5cCI6IkpXVCJ9.eyJleHAiOjE2OTMxMTExNzYsIm9yaWdfaWF0IjoxNjkyNTA2Mzc2LCJyb2wiOiJBZG1pbiIsInVzZXIiOnsiX2lkIjoiNjRkZWVlYzUxNGRhYjdhNjg4YzBkNzQ4IiwiZW1haWwiOiJ1c3VhcmlvMkB1c2FjaC5jb20iLCJuYW1lIjoiIiwicm9sIjoiQWRtaW4iLCJfaGFzaCI6IiIsImNyZWF0ZWRfYXQiOiIwMDAxLTAxLTAxVDAwOjAwOjAwWiIsInVwZGF0ZWRfYXQiOiIwMDAxLTAxLTAxVDAwOjAwOjAwWiJ9fQ.sks_fTwXEdaTt-hjO7FNStiFdyrFdZ1LXWImlBAwWhk
2023/08/20 00:39:48.703128 vacunaService.go:107: No fue posible convertir el ID
[GIN-debug] POST   /auth/login               --> github.com/appleboy/gin-jwt/v2.(*GinJWTMiddleware).LoginHandler-fm (4 handlers)
[GIN-debug] POST   /auth/refresh_token       --> github.com/appleboy/gin-jwt/v2.(*GinJWTMiddleware).RefreshHandler-fm (4 handlers)
[GIN-debug] POST   /auth/logout              --> github.com/appleboy/gin-jwt/v2.(*GinJWTMiddleware).LogoutHandler-fm (4 handlers)
[GIN-debug] GET    /dueno/:id                --> rest-template/controller.GetDuenoByID (4 handlers)
[GIN-debug] GET    /dueno/                   --> rest-template/controller.GetAllDuenos (4 handlers)
[GIN-debug] POST   /dueno/                   --> rest-template/controller.CreateDueno (5 handlers)
[GIN-debug] PUT    /dueno/:id                --> rest-template/controller.UpdateDueno (6 handlers)
[GIN-debug] PUT    /dueno/general/           --> rest-template/controller.UpdateDuenoGeneral (6 handlers)
[GIN-debug] DELETE /dueno/:id                --> rest-template/controller.DeleteDueno (6 handlers)
[GIN-debug] GET    /perro/:id                --> rest-template/controller.GetPerroByID (4 handlers)
[GIN-debug] GET    /perro/                   --> rest-template/controller.GetAllPerros (4 handlers)
[GIN-debug] GET    /perro/dueno/:id          --> rest-template/controller.GetDuenobyPerroID (4 handlers)
[GIN-debug] GET    /perro/vacunas/:id        --> rest-template/controller.GetVacunasPerros (4 handlers)
[GIN-debug] POST   /perro/                   --> rest-template/controller.CreatePerro (5 handlers)
[GIN-debug] PUT    /perro/:id                --> rest-template/controller.UpdatePerro (6 handlers)
[GIN-debug] PUT    /perro/general/           --> rest-template/controller.UpdatePerroGeneral (6 handlers)
[GIN-debug] DELETE /perro/:id                --> rest-template/controller.DeletePerro (6 handlers)
[GIN-debug] GET    /vacuna/:id               --> rest-template/controller.GetVacunaByID (4 handlers)
[GIN-debug] GET    /vacuna/                  --> rest-template/controller.GetAllVacunas (4 handlers)
[GIN-debug] POST   /vacuna/                  --> rest-template/controller.CreateVacuna (5 handlers)
[GIN-debug] PUT    /vacuna/:id               --> rest-template/controller.UpdateVacuna (6 handlers)
[GIN-debug] PUT    /vacuna/general/          --> rest-template/controller.UpdateVacunaGeneral (6 handlers)
[GIN-debug] DELETE /vacuna/:id               --> rest-template/controller.DeleteVacuna (6 handlers)
[GIN-debug] POST   /user/                    --> rest-template/controller.CreateUser (4 handlers)
[GIN-debug] GET    /user/:id                 --> rest-template/controller.GetUserByID (4 handlers)
[GIN-debug] GET    /user/email/:email        --> rest-template/controller.GetUserByEmail (4 handlers)
[GIN-debug] GET    /user/                    --> rest-template/controller.GetAllUsers (4 handlers)
[GIN-debug] PUT    /user/:id                 --> rest-template/controller.UpdateUser (6 handlers)
[GIN-debug] DELETE /user/:id                 --> rest-template/controller.DeleteUser (6 handlers)
2023/08/20 00:42:57.904379 vacunaService.go:201: Vacunas actualizadas
2023/08/20 00:43:44.094404 duenoService.go:167: Dueños actualizado
2023/08/20 00:44:04.709864 duenoService.go:167: Dueños actualizado
2023/08/20 00:44:59.113756 perroService.go:167: Perro actualizado
[GIN-debug] POST   /auth/login               --> github.com/appleboy/gin-jwt/v2.(*GinJWTMiddleware).LoginHandler-fm (4 handlers)
[GIN-debug] POST   /auth/refresh_token       --> github.com/appleboy/gin-jwt/v2.(*GinJWTMiddleware).RefreshHandler-fm (4 handlers)
[GIN-debug] POST   /auth/logout              --> github.com/appleboy/gin-jwt/v2.(*GinJWTMiddleware).LogoutHandler-fm (4 handlers)
[GIN-debug] GET    /owner/:id                --> rest-template/controller.GetOwnerByID (4 handlers)
[GIN-debug] GET    /owner/                   --> rest-template/controller.GetAllOwners (4 handlers)
[GIN-debug] POST   /owner/                   --> rest-template/controller.CreateOwner (5 handlers)
[GIN-debug] PUT    /owner/:id                --> rest-template/controller.UpdateOwner (6 handlers)
[GIN-debug] PUT    /owner/general/           --> rest-template/controller.UpdateOwnerGeneral (6 handlers)
[GIN-debug] DELETE /owner/:id                --> rest-template/controller.DeleteOwner (6 handlers)
[GIN-debug] GET    /dog/:id                  --> rest-template/controller.GetDogByID (4 handlers)
[GIN-debug] GET    /dog/                     --> rest-template/controller.GetAllDogs (4 handlers)
[GIN-debug] GET    /dog/dueno/:id            --> rest-template/controller.GetOwnerbyDogID (4 handlers)
[GIN-debug] GET    /dog/vacunas/:id          --> rest-template/controller.GetVaccinesDogs (4 handlers)
[GIN-debug] POST   /dog/                     --> rest-template/controller.CreateDog (5 handlers)
[GIN-debug] PUT    /dog/:id                  --> rest-template/controller.UpdateDog (6 handlers)
[GIN-debug] PUT    /dog/general/             --> rest-template/controller.UpdateDogGeneral (6 handlers)
[GIN-debug] DELETE /dog/:id                  --> rest-template/controller.DeleteDog (6 handlers)
[GIN-debug] GET    /vaccine/:id              --> rest-template/controller.GetVaccineByID (4 handlers)
[GIN-debug] GET    /vaccine/                 --> rest-template/controller.GetAllVaccines (4 handlers)
[GIN-debug] POST   /vaccine/                 --> rest-template/controller.CreateVaccine (5 handlers)
[GIN-debug] PUT    /vaccine/:id              --> rest-template/controller.UpdateVaccine (6 handlers)
[GIN-debug] PUT    /vaccine/general/         --> rest-template/controller.UpdateVaccineGeneral (6 handlers)
[GIN-debug] DELETE /vaccine/:id              --> rest-template/controller.DeleteVaccine (6 handlers)
[GIN-debug] POST   /user/                    --> rest-template/controller.CreateUser (4 handlers)
[GIN-debug] GET    /user/:id                 --> rest-template/controller.GetUserByID (4 handlers)
[GIN-debug] GET    /user/email/:email        --> rest-template/controller.GetUserByEmail (4 handlers)
[GIN-debug] GET    /user/                    --> rest-template/controller.GetAllUsers (4 handlers)
[GIN-debug] PUT    /user/:id                 --> rest-template/controller.UpdateUser (6 handlers)
[GIN-debug] DELETE /user/:id                 --> rest-template/controller.DeleteUser (6 handlers)
[GIN-debug] POST   /auth/login               --> github.com/appleboy/gin-jwt/v2.(*GinJWTMiddleware).LoginHandler-fm (4 handlers)
[GIN-debug] POST   /auth/refresh_token       --> github.com/appleboy/gin-jwt/v2.(*GinJWTMiddleware).RefreshHandler-fm (4 handlers)
[GIN-debug] POST   /auth/logout              --> github.com/appleboy/gin-jwt/v2.(*GinJWTMiddleware).LogoutHandler-fm (4 handlers)
[GIN-debug] GET    /dueno/:id                --> rest-template/controller.GetOwnerByID (4 handlers)
[GIN-debug] GET    /dueno/                   --> rest-template/controller.GetAllOwners (4 handlers)
[GIN-debug] POST   /dueno/                   --> rest-template/controller.CreateOwner (5 handlers)
[GIN-debug] PUT    /dueno/:id                --> rest-template/controller.UpdateOwner (6 handlers)
[GIN-debug] PUT    /dueno/general/           --> rest-template/controller.UpdateOwnerGeneral (6 handlers)
[GIN-debug] DELETE /dueno/:id                --> rest-template/controller.DeleteOwner (6 handlers)
[GIN-debug] GET    /perro/:id                --> rest-template/controller.GetDogByID (4 handlers)
[GIN-debug] GET    /perro/                   --> rest-template/controller.GetAllDogs (4 handlers)
[GIN-debug] GET    /perro/dueno/:id          --> rest-template/controller.GetOwnerbyDogID (4 handlers)
[GIN-debug] GET    /perro/vacunas/:id        --> rest-template/controller.GetVaccinesDogs (4 handlers)
[GIN-debug] POST   /perro/                   --> rest-template/controller.CreateDog (5 handlers)
[GIN-debug] PUT    /perro/:id                --> rest-template/controller.UpdateDog (6 handlers)
[GIN-debug] PUT    /perro/general/           --> rest-template/controller.UpdateDogGeneral (6 handlers)
[GIN-debug] DELETE /perro/:id                --> rest-template/controller.DeleteDog (6 handlers)
[GIN-debug] GET    /vacuna/:id               --> rest-template/controller.GetVaccineByID (4 handlers)
[GIN-debug] GET    /vacuna/                  --> rest-template/controller.GetAllVaccines (4 handlers)
[GIN-debug] POST   /vacuna/                  --> rest-template/controller.CreateVaccine (5 handlers)
[GIN-debug] PUT    /vacuna/:id               --> rest-template/controller.UpdateVaccine (6 handlers)
[GIN-debug] PUT    /vacuna/general/          --> rest-template/controller.UpdateVaccineGeneral (6 handlers)
[GIN-debug] DELETE /vacuna/:id               --> rest-template/controller.DeleteVaccine (6 handlers)
[GIN-debug] POST   /user/                    --> rest-template/controller.CreateUser (4 handlers)
[GIN-debug] GET    /user/:id                 --> rest-template/controller.GetUserByID (4 handlers)
[GIN-debug] GET    /user/email/:email        --> rest-template/controller.GetUserByEmail (4 handlers)
[GIN-debug] GET    /user/                    --> rest-template/controller.GetAllUsers (4 handlers)
[GIN-debug] PUT    /user/:id                 --> rest-template/controller.UpdateUser (6 handlers)
[GIN-debug] DELETE /user/:id                 --> rest-template/controller.DeleteUser (6 handlers)
[GIN-debug] POST   /auth/login               --> github.com/appleboy/gin-jwt/v2.(*GinJWTMiddleware).LoginHandler-fm (4 handlers)
[GIN-debug] POST   /auth/refresh_token       --> github.com/appleboy/gin-jwt/v2.(*GinJWTMiddleware).RefreshHandler-fm (4 handlers)
[GIN-debug] POST   /auth/logout              --> github.com/appleboy/gin-jwt/v2.(*GinJWTMiddleware).LogoutHandler-fm (4 handlers)
[GIN-debug] GET    /dueno/:id                --> rest-template/controller.GetOwnerByID (4 handlers)
[GIN-debug] GET    /dueno/                   --> rest-template/controller.GetAllOwners (4 handlers)
[GIN-debug] POST   /dueno/                   --> rest-template/controller.CreateOwner (4 handlers)
[GIN-debug] PUT    /dueno/:id                --> rest-template/controller.UpdateOwner (4 handlers)
[GIN-debug] PUT    /dueno/general/           --> rest-template/controller.UpdateOwnerGeneral (4 handlers)
[GIN-debug] DELETE /dueno/:id                --> rest-template/controller.DeleteOwner (4 handlers)
[GIN-debug] GET    /perro/:id                --> rest-template/controller.GetDogByID (4 handlers)
[GIN-debug] GET    /perro/                   --> rest-template/controller.GetAllDogs (4 handlers)
[GIN-debug] GET    /perro/dueno/:id          --> rest-template/controller.GetOwnerbyDogID (4 handlers)
[GIN-debug] GET    /perro/vacunas/:id        --> rest-template/controller.GetVaccinesDogs (4 handlers)
[GIN-debug] POST   /perro/                   --> rest-template/controller.CreateDog (4 handlers)
[GIN-debug] PUT    /perro/:id                --> rest-template/controller.UpdateDog (4 handlers)
[GIN-debug] PUT    /perro/general/           --> rest-template/controller.UpdateDogGeneral (4 handlers)
[GIN-debug] DELETE /perro/:id                --> rest-template/controller.DeleteDog (4 handlers)
[GIN-debug] GET    /vacuna/:id               --> rest-template/controller.GetVaccineByID (4 handlers)
[GIN-debug] GET    /vacuna/                  --> rest-template/controller.GetAllVaccines (4 handlers)
[GIN-debug] POST   /vacuna/                  --> rest-template/controller.CreateVaccine (4 handlers)
[GIN-debug] PUT    /vacuna/:id               --> rest-template/controller.UpdateVaccine (4 handlers)
[GIN-debug] PUT    /vacuna/general/          --> rest-template/controller.UpdateVaccineGeneral (4 handlers)
[GIN-debug] DELETE /vacuna/:id               --> rest-template/controller.DeleteVaccine (4 handlers)
[GIN-debug] POST   /user/                    --> rest-template/controller.CreateUser (4 handlers)
[GIN-debug] GET    /user/:id                 --> rest-template/controller.GetUserByID (4 handlers)
[GIN-debug] GET    /user/email/:email        --> rest-template/controller.GetUserByEmail (4 handlers)
[GIN-debug] GET    /user/                    --> rest-template/controller.GetAllUsers (4 handlers)
[GIN-debug] PUT    /user/:id                 --> rest-template/controller.UpdateUser (6 handlers)
[GIN-debug] DELETE /user/:id                 --> rest-template/controller.DeleteUser (6 handlers)
